<?xml version="1.0" encoding="UTF-8"?>
<!-- Generated by org.testng.reporters.JUnitReportReporter -->
<testsuite skipped="0" hostname="DESKTOP-GO42ECB" name="com.application.parallelclasses.ParallelClass2" tests="4" failures="0" timestamp="23 Jun 2020 13:32:17 GMT" time="0.036" errors="0">
  <testcase name="testCase1" time="0.020" classname="com.application.parallelclasses.ParallelClass2"/>
  <testcase name="testCase3" time="0.004" classname="com.application.parallelclasses.ParallelClass2"/>
  <testcase name="testCase2" time="0.003" classname="com.application.parallelclasses.ParallelClass2"/>
  <testcase name="testCase4" time="0.009" classname="com.application.parallelclasses.ParallelClass2"/>
</testsuite> <!-- com.application.parallelclasses.ParallelClass2 -->
