<?xml version="1.0" encoding="UTF-8"?>
<!-- Generated by org.testng.reporters.JUnitReportReporter -->
<testsuite skipped="0" hostname="DESKTOP-GO42ECB" name="com.application.test.ElementNotVisible" tests="1" failures="0" timestamp="23 Jun 2020 13:33:37 GMT" time="29.274" errors="0">
  <testcase name="elemnetNotVisibleTest" time="29.274" classname="com.application.test.ElementNotVisible"/>
</testsuite> <!-- com.application.test.ElementNotVisible -->
