<?xml version="1.0" encoding="UTF-8"?>
<!-- Generated by org.testng.reporters.JUnitReportReporter -->
<testsuite skipped="0" hostname="DESKTOP-GO42ECB" name="com.application.parallelmethods.ParallelMethodExample" tests="1" failures="0" timestamp="23 Jun 2020 12:47:50 GMT" time="0.015" errors="0">
  <testcase name="testCase1" time="0.015" classname="com.application.parallelmethods.ParallelMethodExample"/>
</testsuite> <!-- com.application.parallelmethods.ParallelMethodExample -->
